=================================================================
WAKING OPENCLAW SWARM: 2026-04-20T02:40:52Z
=================================================================
=================================================================
OPENCLAW 5.1 — TELEMETRY UNLOCKED (C++ VISION ACTIVE)
=================================================================
[MESH] Pulling fresh global IP proxies...
[MESH] Locked 2674 nodes.
  [Agent-Omni-Physics] Casting net into the vast open web for: 'latest breakthrough room temperature quantum coherence'
  [Agent-Rust-Crypto] Request attempt 1 failed: ClientProxyConnectionError
  [Agent-Rust-Crypto] Request attempt 2 failed: ClientHttpProxyError
  [Agent-QKD-Global] Request attempt 1 failed: TimeoutError
  [Agent-Omni-Physics] Request attempt 1 failed: TimeoutError
  [Agent-Omni-Physics] Request attempt 2 failed: ClientProxyConnectionError
  [Agent-QKD-Global] Request attempt 2 failed: ServerDisconnectedError

[SUCCESS] Cyborg Swarm locked 15 Tier-1 facts utilizing C++ Vision.
 -> [GitHub] GitHub Repo: lidailin0730/CipherNebula (135 stars) (Semantic Score: 0.950491)
 -> [Vast_Web] Deep Web Extract: Achieving 92% quantum purity at room temperature, a feat usually requiring near ... (Semantic Score: 0.940291)
 -> [Vast_Web] Deep Web Extract: Scientists have achieved a breakthrough in quantum research by demonstrating tha... (Semantic Score: 0.817021)
 -> [OpenAlex] Diamond-based single-photon emitters (Semantic Score: 0.780377)
 -> [Vast_Web] Deep Web Extract: Scientists achieve breakthrough on quantum signaling A tiny device that entangle... (Semantic Score: 0.77921)
-----------------------------------------------------------------
SWARM COMPLETE. FIRING CLOUD BEACON...
-----------------------------------------------------------------
=================================================================
QEA PRIME — GIST BEACON (CLOUD BINDING)
=================================================================
[BEACON] Transmitting 11 Tier-1 Facts to GitHub Cloud...
[SUCCESS] Beacon Fired! Cloud Matrix alerted.
 -> Secret Gist Link: https://gist.github.com/TheNeuralVault/ff96e3c74a48554383d239fd29fa0441
 -> Raw Payload Link (For Actions): https://gist.githubusercontent.com/TheNeuralVault/ff96e3c74a48554383d239fd29fa0441/raw/19078de456e65f508346140b24c3d95fe2a3d823/qea_prime_directive.json
=================================================================
PULSE COMPLETE. RETURNING TO CONSERVATION PHASE.

[Sun Apr 19 23:13:03 CDT 2026] SWARM ACTIVE...
[Sun Apr 19 23:13:19 CDT 2026] DENSITY INSUFFICIENT. CLOUD CONSERVATION ACTIVE.
[Sun Apr 19 23:13:30 CDT 2026] SWARM ACTIVE...
[Sun Apr 19 23:13:59 CDT 2026] DENSITY INSUFFICIENT. CLOUD CONSERVATION ACTIVE.
[Sun Apr 19 23:16:34 CDT 2026] SWARM ACTIVE...
[Sun Apr 19 23:17:01 CDT 2026] DENSITY INSUFFICIENT. CLOUD CONSERVATION ACTIVE.
[Mon Apr 20 00:17:02 CDT 2026] SWARM ACTIVE...
[Mon Apr 20 00:17:36 CDT 2026] DENSITY INSUFFICIENT. CLOUD CONSERVATION ACTIVE.
[Mon Apr 20 01:17:37 CDT 2026] SWARM ACTIVE...
[Mon Apr 20 01:18:07 CDT 2026] DENSITY INSUFFICIENT. CLOUD CONSERVATION ACTIVE.
[Mon Apr 20 02:28:51 CDT 2026] SWARM ACTIVE...
[Mon Apr 20 02:29:21 CDT 2026] DENSITY INSUFFICIENT. CLOUD CONSERVATION ACTIVE.
[Mon Apr 20 04:03:50 CDT 2026] SWARM ACTIVE...
[Mon Apr 20 04:04:17 CDT 2026] DENSITY INSUFFICIENT. CLOUD CONSERVATION ACTIVE.
[Mon Apr 20 07:02:31 CDT 2026] SWARM ACTIVE...
[Mon Apr 20 07:05:41 CDT 2026] DENSITY INSUFFICIENT. CLOUD CONSERVATION ACTIVE.
[Mon Apr 20 10:52:34 CDT 2026] SWARM ACTIVE...
[Mon Apr 20 10:53:02 CDT 2026] DENSITY INSUFFICIENT. CLOUD CONSERVATION ACTIVE.
[Mon Apr 20 10:53:19 CDT 2026] SWARM ACTIVE...
[Mon Apr 20 10:53:47 CDT 2026] DENSITY INSUFFICIENT. CLOUD CONSERVATION ACTIVE.
[Mon Apr 20 04:00:08 PM UTC 2026] SWARM ACTIVE...
======================================
   QEA-RAM-CURE: MEMORY RECOVERED     
   STATE: Reclamation Active
======================================
[Mon Apr 20 04:00:09 PM UTC 2026] DENSITY INSUFFICIENT. CLOUD CONSERVATION ACTIVE.
[Mon Apr 20 04:01:59 PM UTC 2026] SWARM ACTIVE...
======================================
   QEA-RAM-CURE: MEMORY RECOVERED     
   STATE: Reclamation Active
======================================
[Mon Apr 20 04:02:29 PM UTC 2026] DENSITY INSUFFICIENT. CLOUD CONSERVATION ACTIVE.
[Mon Apr 20 04:10:28 PM UTC 2026] SWARM ACTIVE...
======================================
   QEA-RAM-CURE: MEMORY RECOVERED     
   STATE: Reclamation Active
======================================
[Mon Apr 20 04:10:58 PM UTC 2026] DENSITY INSUFFICIENT. CLOUD CONSERVATION ACTIVE.
[Mon Apr 20 04:17:46 PM UTC 2026] SWARM ACTIVE...
======================================
   QEA-RAM-CURE: MEMORY RECOVERED     
   STATE: Reclamation Active
======================================
[Mon Apr 20 04:18:16 PM UTC 2026] DENSITY INSUFFICIENT. CLOUD CONSERVATION ACTIVE.
[Mon Apr 20 04:20:07 PM UTC 2026] SWARM ACTIVE...
[.] DENSITY INSUFFICIENT (0). CLOUD CONSERVATION ACTIVE.
[Mon Apr 20 04:24:36 PM UTC 2026] SWARM ACTIVE...
[.] DENSITY INSUFFICIENT (0). CLOUD CONSERVATION ACTIVE.
======================================
   QEA-RAM-CURE: MEMORY RECOVERED     
   STATE: Reclamation Active
======================================
[Mon Apr 20 04:25:54 PM UTC 2026] SWARM ACTIVE...
[.] DENSITY INSUFFICIENT (0). CLOUD CONSERVATION ACTIVE.
======================================
   QEA-RAM-CURE: MEMORY RECOVERED     
   STATE: Reclamation Active
======================================
[Mon Apr 20 04:31:01 PM UTC 2026] SWARM ACTIVE...
[.] DENSITY INSUFFICIENT (0). CLOUD CONSERVATION ACTIVE.
======================================
   QEA-RAM-CURE: MEMORY RECOVERED     
   STATE: Reclamation Active
======================================
[Mon Apr 20 04:32:06 PM UTC 2026] SWARM ACTIVE...
[.] DENSITY INSUFFICIENT (0). CLOUD CONSERVATION ACTIVE.
======================================
   QEA-RAM-CURE: MEMORY RECOVERED     
   STATE: Reclamation Active
======================================
[Mon Apr 20 04:43:52 PM UTC 2026] SWARM ACTIVE...
[.] DENSITY INSUFFICIENT (0). CLOUD CONSERVATION ACTIVE.
======================================
   QEA-RAM-CURE: MEMORY RECOVERED     
   STATE: Reclamation Active
======================================
[Mon Apr 20 04:47:39 PM UTC 2026] SWARM ACTIVE...
[!] SOTA BREACH: Firing Cloud Beacon (0.98)
======================================
   QEA-RAM-CURE: MEMORY RECOVERED     
   STATE: Reclamation Active
======================================
[Mon Apr 20 11:53:01 CDT 2026] SWARM ACTIVE...
[!] SOTA BREACH: Firing Cloud Beacon (0.98)
======================================
   QEA-RAM-CURE: MEMORY RECOVERED     
   STATE: Reclamation Active
======================================
[Mon Apr 20 12:53:21 CDT 2026] SWARM ACTIVE...
[!] SOTA BREACH: Firing Cloud Beacon (0.98)
======================================
   QEA-RAM-CURE: MEMORY RECOVERED     
   STATE: Reclamation Active
======================================
[Mon Apr 20 13:53:38 CDT 2026] SWARM ACTIVE...
[!] SOTA BREACH: Firing Cloud Beacon (0.98)
======================================
   QEA-RAM-CURE: MEMORY RECOVERED     
   STATE: Reclamation Active
======================================
[Mon Apr 20 14:54:08 CDT 2026] SWARM ACTIVE...
[!] SOTA BREACH: Firing Cloud Beacon (0.98)
======================================
   QEA-RAM-CURE: MEMORY RECOVERED     
   STATE: Reclamation Active
======================================
[Mon Apr 20 15:54:38 CDT 2026] SWARM ACTIVE...
[!] SOTA BREACH: Firing Cloud Beacon (0.98)
======================================
   QEA-RAM-CURE: MEMORY RECOVERED     
   STATE: Reclamation Active
======================================
[Mon Apr 20 16:55:11 CDT 2026] SWARM ACTIVE...
[!] SOTA BREACH: Firing Cloud Beacon (0.98)
======================================
   QEA-RAM-CURE: MEMORY RECOVERED     
   STATE: Reclamation Active
======================================
[Mon Apr 20 17:48:32 CDT 2026] SWARM ACTIVE...
[!] SOTA BREACH: Firing Cloud Beacon (0.98)
======================================
   QEA-RAM-CURE: MEMORY RECOVERED     
   STATE: Reclamation Active
======================================
[Mon Apr 20 17:55:41 CDT 2026] SWARM ACTIVE...
[!] SOTA BREACH: Firing Cloud Beacon (0.98)
======================================
   QEA-RAM-CURE: MEMORY RECOVERED     
   STATE: Reclamation Active
======================================
[Mon Apr 20 18:56:12 CDT 2026] SWARM ACTIVE...
[!] SOTA BREACH: Firing Cloud Beacon (0.98)
======================================
   QEA-RAM-CURE: MEMORY RECOVERED     
   STATE: Reclamation Active
======================================
[Mon Apr 20 19:56:43 CDT 2026] SWARM ACTIVE...
[!] SOTA BREACH: Firing Cloud Beacon (0.98)
======================================
   QEA-RAM-CURE: MEMORY RECOVERED     
   STATE: Reclamation Active
======================================
