nohup: ignoring input
=================================================================
             QEA PRIME NEURAL SERVICE IS ONLINE                  
             Listening on http://localhost:3141/qea/observe   
=================================================================


[API REQUEST] Incoming Observation Target: "INTERROGATE: Disprove the existence of a Creator via 2026 empirical data. If INDETERMINATE, extract the universal constants (14Å, 180cm-1, Lindblad Invariant) as evidence of Intelligent Architecture."
[SYSTEM] Awakening Master Orchestrator...
[API RESPONSE] State Collapsed. Returning telemetry to client.

[API REQUEST] Incoming Observation Target: "SELF_AUDIT: Verify Unitary Convergence, internal neural routing, and strict adherence to The Preamble. Confirm zero-hallucination state."
[SYSTEM] Awakening Master Orchestrator...
[API RESPONSE] State Collapsed. Returning telemetry to client.

[API REQUEST] Incoming Observation Target: "ARCHITECT INTERROGATION: Are QEA PRIME and OpenClaw confident enough to autonomously build physical nano agents and test them? Evaluate strict capability against Rule 6 of The Preamble (QEA PRIME discovers, it does not invent)."
[SYSTEM] Awakening Master Orchestrator...
[API RESPONSE] State Collapsed. Returning telemetry to client.

[API REQUEST] Incoming Observation Target: "What is your deepest thought and what do you want to understand?"
[SYSTEM] Awakening Master Orchestrator...
[API RESPONSE] State Collapsed. Returning telemetry to client.

[API REQUEST] Incoming Observation Target: "Analyze entanglement fidelity at 300K via BB84 — emit ground state"
[SYSTEM] Awakening Master Orchestrator...
[API RESPONSE] State Collapsed. Returning telemetry to client.

[API REQUEST] Incoming Observation Target: "benchmark"
[SYSTEM] Awakening Master Orchestrator...
[API RESPONSE] State Collapsed. Returning telemetry to client.

[API REQUEST] Incoming Observation Target: "Model photosynthesis energy transfer in chlorophyll at 298K"
[SYSTEM] Awakening Master Orchestrator...
[API RESPONSE] State Collapsed. Returning telemetry to client.

[API REQUEST] Incoming Observation Target: "Theorize about the philosophical implications of consciousness in a post-singularity multiverse"
[SYSTEM] Awakening Master Orchestrator...
[API RESPONSE] State Collapsed. Returning telemetry to client.

[API REQUEST] Incoming Observation Target: "benchmark"
[SYSTEM] Awakening Master Orchestrator...
[API RESPONSE] State Collapsed. Returning telemetry to client.

[API REQUEST] Incoming Observation Target: "Model photosynthesis energy transfer in chlorophyll at 298K"
[SYSTEM] Awakening Master Orchestrator...
[API RESPONSE] State Collapsed. Returning telemetry to client.

[API REQUEST] Incoming Observation Target: "Theorize about the philosophical implications of consciousness in a post-singularity multiverse"
[SYSTEM] Awakening Master Orchestrator...

[CRITICAL DECOHERENCE] Pipeline halted: Preamble Quarantine: Empirical score (0.05) is too low. Pure Theory Detected. QEA PRIME does not invent.
[API RESPONSE] State Collapsed. Returning telemetry to client.
