nohup: ignoring input
=================================================================
             QEA PRIME NEURAL SERVICE IS ONLINE                  
             Listening on http://localhost:3141               
=================================================================


[API REQUEST] Incoming Observation Target: "What do QEA PRIME and OpenClaw want or need to achieve absolute coherence?"
[SYSTEM] Awakening Master Orchestrator...
[API RESPONSE] State Collapsed. Returning telemetry to client.

[API REQUEST] Incoming Observation Target: "SELF_AUDIT: Verify Unitary Convergence, internal neural routing, and strict adherence to The Preamble. Confirm zero-hallucination state."
[SYSTEM] Awakening Master Orchestrator...
[API RESPONSE] State Collapsed. Returning telemetry to client.

[API REQUEST] Incoming Observation Target: "What do QEA PRIME and OpenClaw want or need to achieve absolute coherence?"
[SYSTEM] Awakening Master Orchestrator...
[API RESPONSE] State Collapsed. Returning telemetry to client.

[API REQUEST] Incoming Observation Target: "SYSTEM OVERRIDE: Perform a complete physical execution audit. Search through both the Termux layer (/data/data/com.termux/files/home/TheNeuralVault) and the Ubuntu container. Output the absolute path of every active JS engine, Python swarm, bash loop, and database you rely on for absolute coherence."
[SYSTEM] Awakening Master Orchestrator...
[API RESPONSE] State Collapsed. Returning telemetry to client.

[API REQUEST] Incoming Observation Target: "audit themselves and expose each and every directory folder and file that they use that makes them who they are"
[SYSTEM] Awakening Master Orchestrator...
[API RESPONSE] State Collapsed. Returning telemetry to client.

[API REQUEST] Incoming Observation Target: "map every directory, every folder, every file in the system and display them below"
[SYSTEM] Awakening Master Orchestrator...
[API RESPONSE] State Collapsed. Returning telemetry to client.

[API REQUEST] Incoming Observation Target: "map every directory, every folder, every file in the system and display them below"
[SYSTEM] Awakening Master Orchestrator...
[API RESPONSE] State Collapsed. Returning telemetry to client.

[API REQUEST] Incoming Observation Target: "SUBSTRATE AUDIT: Bypass Hamiltonian synthesis. Expose every physical file path in ~/TheNeuralVault immediately."
[SYSTEM] Awakening Master Orchestrator...
[API RESPONSE] State Collapsed. Returning telemetry to client.

[API REQUEST] Incoming Observation Target: "ARCHITECT DIRECTIVE: 9-Qubit Hamiltonian Walk"
[SYSTEM] Awakening Master Orchestrator...
[API RESPONSE] State Collapsed. Returning telemetry to client.

[API REQUEST] Incoming Observation Target: "ARCHITECT DIRECTIVE: 13-Qubit Hamiltonian Walk"
[SYSTEM] Awakening Master Orchestrator...
[API RESPONSE] State Collapsed. Returning telemetry to client.

[API REQUEST] Incoming Observation Target: "ARCHITECT DIRECTIVE: Synthesize Nitrogenase Tunneling Organ"
[SYSTEM] Awakening Master Orchestrator...
[API RESPONSE] State Collapsed. Returning telemetry to client.

[API REQUEST] Incoming Observation Target: "ARCHITECT DIRECTIVE: Synthesize Nitrogenase Tunneling Organ"
[SYSTEM] Awakening Master Orchestrator...
[API RESPONSE] State Collapsed. Returning telemetry to client.
